#
# There is insufficient memory for the Java Runtime Environment to continue.
# Native memory allocation (malloc) failed to allocate 61865984 bytes for committing reserved memory.
# Possible reasons:
#   The system is out of physical RAM or swap space
#   In 32 bit mode, the process size limit was hit
# Possible solutions:
#   Reduce memory load on the system
#   Increase physical memory or swap space
#   Check if swap backing store is full
#   Use 64 bit Java on a 64 bit OS
#   Decrease Java heap size (-Xmx/-Xms)
#   Decrease number of Java threads
#   Decrease Java thread stack sizes (-Xss)
#   Set larger code cache with -XX:ReservedCodeCacheSize=
# This output file may be truncated or incomplete.
#
#  Out of Memory Error (os_linux.cpp:2809), pid=3320, tid=139834955994880
#
# JRE version: OpenJDK Runtime Environment (7.0_79-b14) (build 1.7.0_79-b14)
# Java VM: OpenJDK 64-Bit Server VM (24.79-b02 mixed mode linux-amd64 compressed oops)
# Derivative: IcedTea 2.5.6
# Distribution: Ubuntu 15.04, package 7u79-2.5.6-0ubuntu1.15.04.1
# Failed to write core dump. Core dumps have been disabled. To enable core dumping, try "ulimit -c unlimited" before starting Java again
#

---------------  T H R E A D  ---------------

Current thread (0x00007f2dd8071800):  VMThread [stack: 0x00007f2ddcd11000,0x00007f2ddce12000] [id=3327]

Stack: [0x00007f2ddcd11000,0x00007f2ddce12000],  sp=0x00007f2ddce104e0,  free space=1021k
Native frames: (J=compiled Java code, j=interpreted, Vv=VM code, C=native code)
V  [libjvm.so+0x98a166]  VMError::report_and_die()+0x186
V  [libjvm.so+0x48f932]  report_vm_out_of_memory(char const*, int, unsigned long, char const*)+0x92
V  [libjvm.so+0x7fd56b]  os::pd_commit_memory(char*, unsigned long, unsigned long, bool)+0xeb
V  [libjvm.so+0x7f7c4e]  os::commit_memory(char*, unsigned long, unsigned long, bool)+0x2e
V  [libjvm.so+0x86a56b]  PSVirtualSpace::expand_by(unsigned long)+0x5b
V  [libjvm.so+0x86b413]  PSYoungGen::resize_generation(unsigned long, unsigned long)+0xd3
V  [libjvm.so+0x86bb2b]  PSYoungGen::resize(unsigned long, unsigned long)+0x1b
V  [libjvm.so+0x867539]  PSScavenge::invoke_no_policy()+0xdc9
V  [libjvm.so+0x867d18]  PSScavenge::invoke()+0x38
V  [libjvm.so+0x81fb73]  ParallelScavengeHeap::failed_mem_allocate(unsigned long)+0x63
V  [libjvm.so+0x98ba32]  VM_ParallelGCFailedAllocation::doit()+0x92
V  [libjvm.so+0x9902e7]  VM_Operation::evaluate()+0x47
V  [libjvm.so+0x98e8cb]  VMThread::evaluate_operation(VM_Operation*)+0xab
V  [libjvm.so+0x98ef76]  VMThread::loop()+0x1e6
V  [libjvm.so+0x98f441]  VMThread::run()+0x81
V  [libjvm.so+0x7fa492]  java_start(Thread*)+0xf2

VM_Operation (0x00007f2de17d59e0): ParallelGCFailedAllocation, mode: safepoint, requested by thread 0x00007f2dd800a000


---------------  P R O C E S S  ---------------

Java Threads: ( => current thread )
  0x00007f2dd81b1800 JavaThread "pool-1-thread-4" [_thread_blocked, id=3343, stack(0x00007f2dccd3a000,0x00007f2dcce3b000)]
  0x00007f2dd81a5800 JavaThread "pool-1-thread-3" [_thread_blocked, id=3342, stack(0x00007f2dcce3b000,0x00007f2dccf3c000)]
  0x00007f2dd81a3800 JavaThread "pool-1-thread-2" [_thread_blocked, id=3341, stack(0x00007f2dccf3c000,0x00007f2dcd03d000)]
  0x00007f2dd81a2000 JavaThread "pool-2-thread-1" [_thread_blocked, id=3340, stack(0x00007f2dcd03d000,0x00007f2dcd13e000)]
  0x00007f2dd819e800 JavaThread "pool-1-thread-1" [_thread_blocked, id=3339, stack(0x00007f2ddc006000,0x00007f2ddc107000)]
  0x00007f2dd80ad000 JavaThread "Service Thread" daemon [_thread_blocked, id=3333, stack(0x00007f2ddc442000,0x00007f2ddc543000)]
  0x00007f2dd80aa800 JavaThread "C2 CompilerThread1" daemon [_thread_blocked, id=3332, stack(0x00007f2ddc543000,0x00007f2ddc644000)]
  0x00007f2dd80a7800 JavaThread "C2 CompilerThread0" daemon [_thread_blocked, id=3331, stack(0x00007f2ddc644000,0x00007f2ddc745000)]
  0x00007f2dd80a5800 JavaThread "Signal Dispatcher" daemon [_thread_blocked, id=3330, stack(0x00007f2ddc745000,0x00007f2ddc846000)]
  0x00007f2dd8078000 JavaThread "Finalizer" daemon [_thread_blocked, id=3329, stack(0x00007f2ddcb0f000,0x00007f2ddcc10000)]
  0x00007f2dd8076000 JavaThread "Reference Handler" daemon [_thread_blocked, id=3328, stack(0x00007f2ddcc10000,0x00007f2ddcd11000)]
  0x00007f2dd800a000 JavaThread "main" [_thread_blocked, id=3324, stack(0x00007f2de16d7000,0x00007f2de17d8000)]

Other Threads:
=>0x00007f2dd8071800 VMThread [stack: 0x00007f2ddcd11000,0x00007f2ddce12000] [id=3327]
  0x00007f2dd80b7800 WatcherThread [stack: 0x00007f2ddc341000,0x00007f2ddc442000] [id=3334]

VM state:at safepoint (normal execution)

VM Mutex/Monitor currently owned by a thread:  ([mutex/lock_event])
[0x00007f2dd8006970] Threads_lock - owner thread: 0x00007f2dd8071800
[0x00007f2dd8006e70] Heap_lock - owner thread: 0x00007f2dd800a000

Heap
 PSYoungGen      total 46592K, used 1509K [0x00000000eaa80000, 0x00000000ed980000, 0x0000000100000000)
  eden space 45056K, 0% used [0x00000000eaa80000,0x00000000eaa80000,0x00000000ed680000)
  from space 1536K, 98% used [0x00000000ed680000,0x00000000ed7f96f8,0x00000000ed800000)
  to   space 1536K, 0% used [0x00000000ed800000,0x00000000ed800000,0x00000000ed980000)
 ParOldGen       total 28160K, used 19201K [0x00000000c0000000, 0x00000000c1b80000, 0x00000000eaa80000)
  object space 28160K, 68% used [0x00000000c0000000,0x00000000c12c04f0,0x00000000c1b80000)
 PSPermGen       total 21504K, used 6111K [0x00000000b5a00000, 0x00000000b6f00000, 0x00000000c0000000)
  object space 21504K, 28% used [0x00000000b5a00000,0x00000000b5ff7fc0,0x00000000b6f00000)

Card table byte_map: [0x00007f2dde06f000,0x00007f2dde2c3000] byte_map_base: 0x00007f2dddac2000

Polling page: 0x00007f2de17f9000

Code Cache  [0x00007f2dd5000000, 0x00007f2dd5270000, 0x00007f2dd8000000)
 total_blobs=451 nmethods=218 adapters=184 free_code_cache=48202Kb largest_free_block=49329472

Compilation events (10 events):
Event: 9.412 Thread 0x00007f2dd80aa800 nmethod 212 0x00007f2dd50e3f10 code [0x00007f2dd50e4080, 0x00007f2dd50e4388]
Event: 9.415 Thread 0x00007f2dd80aa800  213             com.android.dx.rop.code.PlainInsn::accept (8 bytes)
Event: 9.424 Thread 0x00007f2dd80aa800 nmethod 213 0x00007f2dd50e4590 code [0x00007f2dd50e46e0, 0x00007f2dd50e4758]
Event: 9.424 Thread 0x00007f2dd80aa800  214             com.android.dx.rop.code.LocalItem::compareHandlesNulls (25 bytes)
Event: 9.435 Thread 0x00007f2dd80aa800 nmethod 214 0x00007f2dd50de510 code [0x00007f2dd50de660, 0x00007f2dd50de7d8]
Event: 9.435 Thread 0x00007f2dd80aa800  215             com.android.dx.ssa.SCCP::simulateBranch (666 bytes)
Event: 9.567 Thread 0x00007f2dd80a7800 nmethod 187 0x00007f2dd50e9e10 code [0x00007f2dd50ea440, 0x00007f2dd50ed9d0]
Event: 9.587 Thread 0x00007f2dd80a7800  216             com.android.dx.ssa.SsaRenamer::access$000 (5 bytes)
Event: 9.588 Thread 0x00007f2dd80a7800 nmethod 216 0x00007f2dd50cfc10 code [0x00007f2dd50cfd40, 0x00007f2dd50cfd98]
Event: 9.588 Thread 0x00007f2dd80a7800  217             com.android.dx.ssa.SCCP::simulatePhi (169 bytes)

GC Heap History (9 events):
Event: 3.165 GC heap before
{Heap before GC invocations=1 (full 0):
 PSYoungGen      total 12800K, used 11264K [0x00000000eaa80000, 0x00000000eb880000, 0x0000000100000000)
  eden space 11264K, 100% used [0x00000000eaa80000,0x00000000eb580000,0x00000000eb580000)
  from space 1536K, 0% used [0x00000000eb700000,0x00000000eb700000,0x00000000eb880000)
  to   space 1536K, 0% used [0x00000000eb580000,0x00000000eb580000,0x00000000eb700000)
 ParOldGen       total 28160K, used 0K [0x00000000c0000000, 0x00000000c1b80000, 0x00000000eaa80000)
  object space 28160K, 0% used [0x00000000c0000000,0x00000000c0000000,0x00000000c1b80000)
 PSPermGen       total 21504K, used 5720K [0x00000000b5a00000, 0x00000000b6f00000, 0x00000000c0000000)
  object space 21504K, 26% used [0x00000000b5a00000,0x00000000b5f963d8,0x00000000b6f00000)
Event: 3.224 GC heap after
Heap after GC invocations=1 (full 0):
 PSYoungGen      total 12800K, used 1514K [0x00000000eaa80000, 0x00000000ec380000, 0x0000000100000000)
  eden space 11264K, 0% used [0x00000000eaa80000,0x00000000eaa80000,0x00000000eb580000)
  from space 1536K, 98% used [0x00000000eb580000,0x00000000eb6faaa8,0x00000000eb700000)
  to   space 1536K, 0% used [0x00000000ec200000,0x00000000ec200000,0x00000000ec380000)
 ParOldGen       total 28160K, used 1889K [0x00000000c0000000, 0x00000000c1b80000, 0x00000000eaa80000)
  object space 28160K, 6% used [0x00000000c0000000,0x00000000c01d84f8,0x00000000c1b80000)
 PSPermGen       total 21504K, used 5720K [0x00000000b5a00000, 0x00000000b6f00000, 0x00000000c0000000)
  object space 21504K, 26% used [0x00000000b5a00000,0x00000000b5f963d8,0x00000000b6f00000)
}
Event: 4.092 GC heap before
{Heap before GC invocations=2 (full 0):
 PSYoungGen      total 12800K, used 12778K [0x00000000eaa80000, 0x00000000ec380000, 0x0000000100000000)
  eden space 11264K, 100% used [0x00000000eaa80000,0x00000000eb580000,0x00000000eb580000)
  from space 1536K, 98% used [0x00000000eb580000,0x00000000eb6faaa8,0x00000000eb700000)
  to   space 1536K, 0% used [0x00000000ec200000,0x00000000ec200000,0x00000000ec380000)
 ParOldGen       total 28160K, used 1889K [0x00000000c0000000, 0x00000000c1b80000, 0x00000000eaa80000)
  object space 28160K, 6% used [0x00000000c0000000,0x00000000c01d84f8,0x00000000c1b80000)
 PSPermGen       total 21504K, used 5894K [0x00000000b5a00000, 0x00000000b6f00000, 0x00000000c0000000)
  object space 21504K, 27% used [0x00000000b5a00000,0x00000000b5fc1970,0x00000000b6f00000)
Event: 4.119 GC heap after
Heap after GC invocations=2 (full 0):
 PSYoungGen      total 24064K, used 1520K [0x00000000eaa80000, 0x00000000ec380000, 0x0000000100000000)
  eden space 22528K, 0% used [0x00000000eaa80000,0x00000000eaa80000,0x00000000ec080000)
  from space 1536K, 98% used [0x00000000ec200000,0x00000000ec37c028,0x00000000ec380000)
  to   space 1536K, 0% used [0x00000000ec080000,0x00000000ec080000,0x00000000ec200000)
 ParOldGen       total 28160K, used 3766K [0x00000000c0000000, 0x00000000c1b80000, 0x00000000eaa80000)
  object space 28160K, 13% used [0x00000000c0000000,0x00000000c03ad8c8,0x00000000c1b80000)
 PSPermGen       total 21504K, used 5894K [0x00000000b5a00000, 0x00000000b6f00000, 0x00000000c0000000)
  object space 21504K, 27% used [0x00000000b5a00000,0x00000000b5fc1970,0x00000000b6f00000)
}
Event: 5.765 GC heap before
{Heap before GC invocations=3 (full 0):
 PSYoungGen      total 24064K, used 24048K [0x00000000eaa80000, 0x00000000ec380000, 0x0000000100000000)
  eden space 22528K, 100% used [0x00000000eaa80000,0x00000000ec080000,0x00000000ec080000)
  from space 1536K, 98% used [0x00000000ec200000,0x00000000ec37c028,0x00000000ec380000)
  to   space 1536K, 0% used [0x00000000ec080000,0x00000000ec080000,0x00000000ec200000)
 ParOldGen       total 28160K, used 3766K [0x00000000c0000000, 0x00000000c1b80000, 0x00000000eaa80000)
  object space 28160K, 13% used [0x00000000c0000000,0x00000000c03ad8c8,0x00000000c1b80000)
 PSPermGen       total 21504K, used 6025K [0x00000000b5a00000, 0x00000000b6f00000, 0x00000000c0000000)
  object space 21504K, 28% used [0x00000000b5a00000,0x00000000b5fe27f8,0x00000000b6f00000)
Event: 6.369 GC heap after
Heap after GC invocations=3 (full 0):
 PSYoungGen      total 24064K, used 1527K [0x00000000eaa80000, 0x00000000ed980000, 0x0000000100000000)
  eden space 22528K, 0% used [0x00000000eaa80000,0x00000000eaa80000,0x00000000ec080000)
  from space 1536K, 99% used [0x00000000ec080000,0x00000000ec1fdef0,0x00000000ec200000)
  to   space 1536K, 0% used [0x00000000ed800000,0x00000000ed800000,0x00000000ed980000)
 ParOldGen       total 28160K, used 7609K [0x00000000c0000000, 0x00000000c1b80000, 0x00000000eaa80000)
  object space 28160K, 27% used [0x00000000c0000000,0x00000000c076e780,0x00000000c1b80000)
 PSPermGen       total 21504K, used 6025K [0x00000000b5a00000, 0x00000000b6f00000, 0x00000000c0000000)
  object space 21504K, 28% used [0x00000000b5a00000,0x00000000b5fe27f8,0x00000000b6f00000)
}
Event: 7.816 GC heap before
{Heap before GC invocations=4 (full 0):
 PSYoungGen      total 24064K, used 24055K [0x00000000eaa80000, 0x00000000ed980000, 0x0000000100000000)
  eden space 22528K, 100% used [0x00000000eaa80000,0x00000000ec080000,0x00000000ec080000)
  from space 1536K, 99% used [0x00000000ec080000,0x00000000ec1fdef0,0x00000000ec200000)
  to   space 1536K, 0% used [0x00000000ed800000,0x00000000ed800000,0x00000000ed980000)
 ParOldGen       total 28160K, used 7609K [0x00000000c0000000, 0x00000000c1b80000, 0x00000000eaa80000)
  object space 28160K, 27% used [0x00000000c0000000,0x00000000c076e780,0x00000000c1b80000)
 PSPermGen       total 21504K, used 6065K [0x00000000b5a00000, 0x00000000b6f00000, 0x00000000c0000000)
  object space 21504K, 28% used [0x00000000b5a00000,0x00000000b5fec650,0x00000000b6f00000)
Event: 8.002 GC heap after
Heap after GC invocations=4 (full 0):
 PSYoungGen      total 46592K, used 1516K [0x00000000eaa80000, 0x00000000ed980000, 0x0000000100000000)
  eden space 45056K, 0% used [0x00000000eaa80000,0x00000000eaa80000,0x00000000ed680000)
  from space 1536K, 98% used [0x00000000ed800000,0x00000000ed97b038,0x00000000ed980000)
  to   space 1536K, 0% used [0x00000000ed680000,0x00000000ed680000,0x00000000ed800000)
 ParOldGen       total 28160K, used 11651K [0x00000000c0000000, 0x00000000c1b80000, 0x00000000eaa80000)
  object space 28160K, 41% used [0x00000000c0000000,0x00000000c0b60e08,0x00000000c1b80000)
 PSPermGen       total 21504K, used 6065K [0x00000000b5a00000, 0x00000000b6f00000, 0x00000000c0000000)
  object space 21504K, 28% used [0x00000000b5a00000,0x00000000b5fec650,0x00000000b6f00000)
}
Event: 10.938 GC heap before
{Heap before GC invocations=5 (full 0):
 PSYoungGen      total 46592K, used 46572K [0x00000000eaa80000, 0x00000000ed980000, 0x0000000100000000)
  eden space 45056K, 100% used [0x00000000eaa80000,0x00000000ed680000,0x00000000ed680000)
  from space 1536K, 98% used [0x00000000ed800000,0x00000000ed97b038,0x00000000ed980000)
  to   space 1536K, 0% used [0x00000000ed680000,0x00000000ed680000,0x00000000ed800000)
 ParOldGen       total 28160K, used 11651K [0x00000000c0000000, 0x00000000c1b80000, 0x00000000eaa80000)
  object space 28160K, 41% used [0x00000000c0000000,0x00000000c0b60e08,0x00000000c1b80000)
 PSPermGen       total 21504K, used 6111K [0x00000000b5a00000, 0x00000000b6f00000, 0x00000000c0000000)
  object space 21504K, 28% used [0x00000000b5a00000,0x00000000b5ff7fc0,0x00000000b6f00000)

Deoptimization events (10 events):
Event: 3.505 Thread 0x00007f2dd800a000 Uncommon trap: reason=null_check action=make_not_entrant pc=0x00007f2dd507cf48 method=com.android.dx.rop.code.LocalItem.equals(Ljava/lang/Object;)Z @ 1
Event: 3.507 Thread 0x00007f2dd81a5800 Uncommon trap: reason=null_check action=make_not_entrant pc=0x00007f2dd507cf48 method=com.android.dx.rop.code.LocalItem.equals(Ljava/lang/Object;)Z @ 1
Event: 3.904 Thread 0x00007f2dd800a000 Uncommon trap: reason=class_check action=maybe_recompile pc=0x00007f2dd50741c8 method=com.android.dx.ssa.NormalSsaInsn.accept(Lcom/android/dx/ssa/SsaInsn$Visitor;)V @ 9
Event: 3.904 Thread 0x00007f2dd800a000 Uncommon trap: reason=class_check action=maybe_recompile pc=0x00007f2dd50741c8 method=com.android.dx.ssa.NormalSsaInsn.accept(Lcom/android/dx/ssa/SsaInsn$Visitor;)V @ 9
Event: 3.905 Thread 0x00007f2dd800a000 Uncommon trap: reason=class_check action=maybe_recompile pc=0x00007f2dd50741c8 method=com.android.dx.ssa.NormalSsaInsn.accept(Lcom/android/dx/ssa/SsaInsn$Visitor;)V @ 9
Event: 4.994 Thread 0x00007f2dd819e800 Uncommon trap: reason=unreached action=reinterpret pc=0x00007f2dd5083884 method=com.android.dx.rop.cst.Constant.compareTo(Lcom/android/dx/rop/cst/Constant;)I @ 12
Event: 5.004 Thread 0x00007f2dd81b1800 Uncommon trap: reason=null_check action=make_not_entrant pc=0x00007f2dd508f950 method=com.android.dx.rop.type.Type.equals(Ljava/lang/Object;)Z @ 8
Event: 7.067 Thread 0x00007f2dd81b1800 Uncommon trap: reason=null_check action=make_not_entrant pc=0x00007f2dd50b24e0 method=com.android.dx.ssa.SsaRenamer.getLocalForNewReg(I)Lcom/android/dx/rop/code/LocalItem; @ 19
Event: 7.128 Thread 0x00007f2dd81b1800 Uncommon trap: reason=null_check action=make_not_entrant pc=0x00007f2dd50c0100 method=com.android.dx.ssa.SsaRenamer.getLocalForNewReg(I)Lcom/android/dx/rop/code/LocalItem; @ 19
Event: 7.730 Thread 0x00007f2dd800a000 Uncommon trap: reason=unreached action=reinterpret pc=0x00007f2dd50d3104 method=com.android.dx.ssa.LocalVariableExtractor.processBlock(I)V @ 251

Internal exceptions (10 events):
Event: 3.006 Thread 0x00007f2dd800a000 Threw 0x00000000eb42c300 at /build/openjdk-7-yI9zWD/openjdk-7-7u79-2.5.6/build/openjdk/hotspot/src/share/vm/prims/jvm.cpp:1284
Event: 3.501 Thread 0x00007f2dd81a5800 Implicit null exception at 0x00007f2dd507cbea to 0x00007f2dd507cf35
Event: 3.504 Thread 0x00007f2dd800a000 Implicit null exception at 0x00007f2dd507cbea to 0x00007f2dd507cf35
Event: 4.578 Thread 0x00007f2dd800a000 Threw 0x00000000eaea4a30 at /build/openjdk-7-yI9zWD/openjdk-7-7u79-2.5.6/build/openjdk/hotspot/src/share/vm/prims/jvm.cpp:1284
Event: 4.683 Thread 0x00007f2dd800a000 Threw 0x00000000eb144c98 at /build/openjdk-7-yI9zWD/openjdk-7-7u79-2.5.6/build/openjdk/hotspot/src/share/vm/prims/jvm.cpp:1284
Event: 5.004 Thread 0x00007f2dd81b1800 Implicit null exception at 0x00007f2dd508f852 to 0x00007f2dd508f943
Event: 7.063 Thread 0x00007f2dd81b1800 Implicit null exception at 0x00007f2dd50b1358 to 0x00007f2dd50b24c5
Event: 7.128 Thread 0x00007f2dd81b1800 Implicit null exception at 0x00007f2dd50befb8 to 0x00007f2dd50c00bd
Event: 8.464 Thread 0x00007f2dd81b1800 Threw 0x00000000eb0dc5b0 at /build/openjdk-7-yI9zWD/openjdk-7-7u79-2.5.6/build/openjdk/hotspot/src/share/vm/prims/jvm.cpp:1284
Event: 10.514 Thread 0x00007f2dd81a3800 Threw 0x00000000ece550c8 at /build/openjdk-7-yI9zWD/openjdk-7-7u79-2.5.6/build/openjdk/hotspot/src/share/vm/prims/jvm.cpp:1284

Events (10 events):
Event: 7.729 Thread 0x00007f2dd800a000 Uncommon trap: trap_request=0xffffffad fr.pc=0x00007f2dd50d3104
Event: 7.730 Thread 0x00007f2dd800a000 DEOPT PACKING pc=0x00007f2dd50d3104 sp=0x00007f2de17d5970
Event: 7.730 Thread 0x00007f2dd800a000 DEOPT UNPACKING pc=0x00007f2dd5039445 sp=0x00007f2de17d5940 mode 2
Event: 7.800 Executing VM operation: ParallelGCFailedAllocation
Event: 8.003 Executing VM operation: ParallelGCFailedAllocation done
Event: 8.459 loading class 0x00000000018bf250
Event: 8.460 loading class 0x00000000018bf250 done
Event: 10.478 loading class 0x00000000018cabb0
Event: 10.486 loading class 0x00000000018cabb0 done
Event: 10.847 Executing VM operation: ParallelGCFailedAllocation


Dynamic libraries:
00400000-00401000 r-xp 00000000 08:01 941509                             /usr/lib/jvm/java-7-openjdk-amd64/jre/bin/java
00600000-00601000 r--p 00000000 08:01 941509                             /usr/lib/jvm/java-7-openjdk-amd64/jre/bin/java
00601000-00602000 rw-p 00001000 08:01 941509                             /usr/lib/jvm/java-7-openjdk-amd64/jre/bin/java
018b8000-018fd000 rw-p 00000000 00:00 0                                  [heap]
b5a00000-b6f00000 rw-p 00000000 00:00 0 
b6f00000-c0000000 rw-p 00000000 00:00 0 
c0000000-c1b80000 rw-p 00000000 00:00 0 
c1b80000-eaa80000 rw-p 00000000 00:00 0 
eaa80000-ed980000 rw-p 00000000 00:00 0 
f1480000-100000000 rw-p 00000000 00:00 0 
7f2d94000000-7f2d94021000 rw-p 00000000 00:00 0 
7f2d94021000-7f2d98000000 ---p 00000000 00:00 0 
7f2d9c000000-7f2d9c021000 rw-p 00000000 00:00 0 
7f2d9c021000-7f2da0000000 ---p 00000000 00:00 0 
7f2da0000000-7f2da0021000 rw-p 00000000 00:00 0 
7f2da0021000-7f2da4000000 ---p 00000000 00:00 0 
7f2da4000000-7f2da4021000 rw-p 00000000 00:00 0 
7f2da4021000-7f2da8000000 ---p 00000000 00:00 0 
7f2da8000000-7f2da803d000 rw-p 00000000 00:00 0 
7f2da803d000-7f2dac000000 ---p 00000000 00:00 0 
7f2dac000000-7f2dac8f4000 rw-p 00000000 00:00 0 
7f2dac8f4000-7f2db0000000 ---p 00000000 00:00 0 
7f2db0000000-7f2db0021000 rw-p 00000000 00:00 0 
7f2db0021000-7f2db4000000 ---p 00000000 00:00 0 
7f2db4000000-7f2db4021000 rw-p 00000000 00:00 0 
7f2db4021000-7f2db8000000 ---p 00000000 00:00 0 
7f2db8000000-7f2db8a70000 rw-p 00000000 00:00 0 
7f2db8a70000-7f2dbc000000 ---p 00000000 00:00 0 
7f2dbc000000-7f2dbc021000 rw-p 00000000 00:00 0 
7f2dbc021000-7f2dc0000000 ---p 00000000 00:00 0 
7f2dc0000000-7f2dc0021000 rw-p 00000000 00:00 0 
7f2dc0021000-7f2dc4000000 ---p 00000000 00:00 0 
7f2dc4000000-7f2dc40e0000 rw-p 00000000 00:00 0 
7f2dc40e0000-7f2dc8000000 ---p 00000000 00:00 0 
7f2dc8000000-7f2dc8021000 rw-p 00000000 00:00 0 
7f2dc8021000-7f2dcc000000 ---p 00000000 00:00 0 
7f2dccbda000-7f2dccd3a000 rw-p 00000000 00:00 0 
7f2dccd3a000-7f2dccd3d000 ---p 00000000 00:00 0 
7f2dccd3d000-7f2dcce3b000 rw-p 00000000 00:00 0                          [stack:3343]
7f2dcce3b000-7f2dcce3e000 ---p 00000000 00:00 0 
7f2dcce3e000-7f2dccf3c000 rw-p 00000000 00:00 0                          [stack:3342]
7f2dccf3c000-7f2dccf3f000 ---p 00000000 00:00 0 
7f2dccf3f000-7f2dcd03d000 rw-p 00000000 00:00 0                          [stack:3341]
7f2dcd03d000-7f2dcd040000 ---p 00000000 00:00 0 
7f2dcd040000-7f2dcd43f000 rw-p 00000000 00:00 0                          [stack:3340]
7f2dcd43f000-7f2dcd4ab000 r-xp 00000000 08:01 660461                     /lib/x86_64-linux-gnu/libpcre.so.3.13.1
7f2dcd4ab000-7f2dcd6aa000 ---p 0006c000 08:01 660461                     /lib/x86_64-linux-gnu/libpcre.so.3.13.1
7f2dcd6aa000-7f2dcd6ab000 r--p 0006b000 08:01 660461                     /lib/x86_64-linux-gnu/libpcre.so.3.13.1
7f2dcd6ab000-7f2dcd6ac000 rw-p 0006c000 08:01 660461                     /lib/x86_64-linux-gnu/libpcre.so.3.13.1
7f2dcd6ac000-7f2dcd6b3000 r-xp 00000000 08:01 928597                     /usr/lib/x86_64-linux-gnu/libffi.so.6.0.4
7f2dcd6b3000-7f2dcd8b2000 ---p 00007000 08:01 928597                     /usr/lib/x86_64-linux-gnu/libffi.so.6.0.4
7f2dcd8b2000-7f2dcd8b3000 r--p 00006000 08:01 928597                     /usr/lib/x86_64-linux-gnu/libffi.so.6.0.4
7f2dcd8b3000-7f2dcd8b4000 rw-p 00007000 08:01 928597                     /usr/lib/x86_64-linux-gnu/libffi.so.6.0.4
7f2dcd8b4000-7f2dcd8cb000 r-xp 00000000 08:01 660536                     /lib/x86_64-linux-gnu/libresolv-2.21.so
7f2dcd8cb000-7f2dcdacb000 ---p 00017000 08:01 660536                     /lib/x86_64-linux-gnu/libresolv-2.21.so
7f2dcdacb000-7f2dcdacd000 r--p 00017000 08:01 660536                     /lib/x86_64-linux-gnu/libresolv-2.21.so
7f2dcdacd000-7f2dcdace000 rw-p 00019000 08:01 660536                     /lib/x86_64-linux-gnu/libresolv-2.21.so
7f2dcdace000-7f2dd0000000 rw-p 00000000 00:00 0 
7f2dd0000000-7f2dd0021000 rw-p 00000000 00:00 0 
7f2dd0021000-7f2dd4000000 ---p 00000000 00:00 0 
7f2dd40df000-7f2dd4100000 r-xp 00000000 08:01 660540                     /lib/x86_64-linux-gnu/libselinux.so.1
7f2dd4100000-7f2dd42ff000 ---p 00021000 08:01 660540                     /lib/x86_64-linux-gnu/libselinux.so.1
7f2dd42ff000-7f2dd4300000 r--p 00020000 08:01 660540                     /lib/x86_64-linux-gnu/libselinux.so.1
7f2dd4300000-7f2dd4301000 rw-p 00021000 08:01 660540                     /lib/x86_64-linux-gnu/libselinux.so.1
7f2dd4301000-7f2dd4303000 rw-p 00000000 00:00 0 
7f2dd4303000-7f2dd4306000 r-xp 00000000 08:01 918175                     /usr/lib/x86_64-linux-gnu/libgmodule-2.0.so.0.4400.1
7f2dd4306000-7f2dd4505000 ---p 00003000 08:01 918175                     /usr/lib/x86_64-linux-gnu/libgmodule-2.0.so.0.4400.1
7f2dd4505000-7f2dd4506000 r--p 00002000 08:01 918175                     /usr/lib/x86_64-linux-gnu/libgmodule-2.0.so.0.4400.1
7f2dd4506000-7f2dd4507000 rw-p 00003000 08:01 918175                     /usr/lib/x86_64-linux-gnu/libgmodule-2.0.so.0.4400.1
7f2dd4507000-7f2dd4614000 r-xp 00000000 08:01 660025                     /lib/x86_64-linux-gnu/libglib-2.0.so.0.4400.1
7f2dd4614000-7f2dd4813000 ---p 0010d000 08:01 660025                     /lib/x86_64-linux-gnu/libglib-2.0.so.0.4400.1
7f2dd4813000-7f2dd4814000 r--p 0010c000 08:01 660025                     /lib/x86_64-linux-gnu/libglib-2.0.so.0.4400.1
7f2dd4814000-7f2dd4815000 rw-p 0010d000 08:01 660025                     /lib/x86_64-linux-gnu/libglib-2.0.so.0.4400.1
7f2dd4815000-7f2dd4816000 rw-p 00000000 00:00 0 
7f2dd4816000-7f2dd4866000 r-xp 00000000 08:01 918171                     /usr/lib/x86_64-linux-gnu/libgobject-2.0.so.0.4400.1
7f2dd4866000-7f2dd4a66000 ---p 00050000 08:01 918171                     /usr/lib/x86_64-linux-gnu/libgobject-2.0.so.0.4400.1
7f2dd4a66000-7f2dd4a67000 r--p 00050000 08:01 918171                     /usr/lib/x86_64-linux-gnu/libgobject-2.0.so.0.4400.1
7f2dd4a67000-7f2dd4a68000 rw-p 00051000 08:01 918171                     /usr/lib/x86_64-linux-gnu/libgobject-2.0.so.0.4400.1
7f2dd4a68000-7f2dd4be0000 r-xp 00000000 08:01 918173                     /usr/lib/x86_64-linux-gnu/libgio-2.0.so.0.4400.1
7f2dd4be0000-7f2dd4de0000 ---p 00178000 08:01 918173                     /usr/lib/x86_64-linux-gnu/libgio-2.0.so.0.4400.1
7f2dd4de0000-7f2dd4de4000 r--p 00178000 08:01 918173                     /usr/lib/x86_64-linux-gnu/libgio-2.0.so.0.4400.1
7f2dd4de4000-7f2dd4de6000 rw-p 0017c000 08:01 918173                     /usr/lib/x86_64-linux-gnu/libgio-2.0.so.0.4400.1
7f2dd4de6000-7f2dd4de8000 rw-p 00000000 00:00 0 
7f2dd4de8000-7f2dd4dff000 r-xp 00000000 08:01 941464                     /usr/lib/jvm/java-7-openjdk-amd64/jre/lib/amd64/libnet.so
7f2dd4dff000-7f2dd4ffe000 ---p 00017000 08:01 941464                     /usr/lib/jvm/java-7-openjdk-amd64/jre/lib/amd64/libnet.so
7f2dd4ffe000-7f2dd4fff000 r--p 00016000 08:01 941464                     /usr/lib/jvm/java-7-openjdk-amd64/jre/lib/amd64/libnet.so
7f2dd4fff000-7f2dd5000000 rw-p 00017000 08:01 941464                     /usr/lib/jvm/java-7-openjdk-amd64/jre/lib/amd64/libnet.so
7f2dd5000000-7f2dd5270000 rwxp 00000000 00:00 0 
7f2dd5270000-7f2dd81d1000 rw-p 00000000 00:00 0 
7f2dd81d1000-7f2ddc000000 ---p 00000000 00:00 0 
7f2ddc006000-7f2ddc009000 ---p 00000000 00:00 0 
7f2ddc009000-7f2ddc107000 rw-p 00000000 00:00 0                          [stack:3339]
7f2ddc107000-7f2ddc118000 r-xp 00000000 08:01 941471                     /usr/lib/jvm/java-7-openjdk-amd64/jre/lib/amd64/libnio.so
7f2ddc118000-7f2ddc317000 ---p 00011000 08:01 941471                     /usr/lib/jvm/java-7-openjdk-amd64/jre/lib/amd64/libnio.so
7f2ddc317000-7f2ddc318000 r--p 00010000 08:01 941471                     /usr/lib/jvm/java-7-openjdk-amd64/jre/lib/amd64/libnio.so
7f2ddc318000-7f2ddc319000 rw-p 00011000 08:01 941471                     /usr/lib/jvm/java-7-openjdk-amd64/jre/lib/amd64/libnio.so
7f2ddc319000-7f2ddc32e000 r--s 000e5000 08:01 551599                     /home/nick/AndroidStudioProjects/FanTraffic/app/build/intermediates/exploded-aar/com.android.support/support-v4/23.1.0/jars/classes.jar
7f2ddc32e000-7f2ddc33d000 r--s 000df000 08:01 427783                     /home/nick/Android/Sdk/build-tools/23.0.1/lib/dx.jar
7f2ddc33d000-7f2ddc341000 r--s 00034000 08:01 929632                     /usr/lib/jvm/java-7-openjdk-amd64/jre/lib/ext/sunjce_provider.jar
7f2ddc341000-7f2ddc342000 ---p 00000000 00:00 0 
7f2ddc342000-7f2ddc442000 rw-p 00000000 00:00 0                          [stack:3334]
7f2ddc442000-7f2ddc445000 ---p 00000000 00:00 0 
7f2ddc445000-7f2ddc543000 rw-p 00000000 00:00 0                          [stack:3333]
7f2ddc543000-7f2ddc546000 ---p 00000000 00:00 0 
7f2ddc546000-7f2ddc644000 rw-p 00000000 00:00 0                          [stack:3332]
7f2ddc644000-7f2ddc647000 ---p 00000000 00:00 0 
7f2ddc647000-7f2ddc745000 rw-p 00000000 00:00 0                          [stack:3331]
7f2ddc745000-7f2ddc748000 ---p 00000000 00:00 0 
7f2ddc748000-7f2ddc846000 rw-p 00000000 00:00 0                          [stack:3330]
7f2ddc846000-7f2ddcb0f000 r--p 00000000 08:01 926164                     /usr/lib/locale/locale-archive
7f2ddcb0f000-7f2ddcb12000 ---p 00000000 00:00 0 
7f2ddcb12000-7f2ddcc10000 rw-p 00000000 00:00 0                          [stack:3329]
7f2ddcc10000-7f2ddcc13000 ---p 00000000 00:00 0 
7f2ddcc13000-7f2ddcd11000 rw-p 00000000 00:00 0                          [stack:3328]
7f2ddcd11000-7f2ddcd12000 ---p 00000000 00:00 0 
7f2ddcd12000-7f2ddd7c7000 rw-p 00000000 00:00 0                          [stack:3327]
7f2ddd7c7000-7f2ddd978000 r--s 01d29000 08:01 921821                     /usr/lib/jvm/java-7-openjdk-amd64/jre/lib/rt.jar
7f2ddd978000-7f2dddcc4000 rw-p 00000000 00:00 0 
7f2dddcc4000-7f2dddcc5000 ---p 00000000 00:00 0 
7f2dddcc5000-7f2ddddc5000 rw-p 00000000 00:00 0                          [stack:3326]
7f2ddddc5000-7f2ddddc6000 ---p 00000000 00:00 0 
7f2ddddc6000-7f2ddded1000 rw-p 00000000 00:00 0                          [stack:3325]
7f2ddded1000-7f2dddf19000 rw-p 00000000 00:00 0 
7f2dddf19000-7f2dddf27000 rw-p 00000000 00:00 0 
7f2dddf27000-7f2dde06f000 rw-p 00000000 00:00 0 
7f2dde06f000-7f2dde07a000 rw-p 00000000 00:00 0 
7f2dde07a000-7f2dde0c2000 rw-p 00000000 00:00 0 
7f2dde0c2000-7f2dde0d0000 rw-p 00000000 00:00 0 
7f2dde0d0000-7f2dde217000 rw-p 00000000 00:00 0 
7f2dde217000-7f2dde22f000 rw-p 00000000 00:00 0 
7f2dde22f000-7f2dde2c2000 rw-p 00000000 00:00 0 
7f2dde2c2000-7f2dde2c3000 rw-p 00000000 00:00 0 
7f2dde2c3000-7f2dde2cb000 r-xp 00000000 08:01 941411                     /usr/lib/jvm/java-7-openjdk-amd64/jre/lib/amd64/libzip.so
7f2dde2cb000-7f2dde4ca000 ---p 00008000 08:01 941411                     /usr/lib/jvm/java-7-openjdk-amd64/jre/lib/amd64/libzip.so
7f2dde4ca000-7f2dde4cb000 r--p 00007000 08:01 941411                     /usr/lib/jvm/java-7-openjdk-amd64/jre/lib/amd64/libzip.so
7f2dde4cb000-7f2dde4cc000 rw-p 00008000 08:01 941411                     /usr/lib/jvm/java-7-openjdk-amd64/jre/lib/amd64/libzip.so
7f2dde4cc000-7f2dde4d8000 r-xp 00000000 08:01 660483                     /lib/x86_64-linux-gnu/libnss_files-2.21.so
7f2dde4d8000-7f2dde6d7000 ---p 0000c000 08:01 660483                     /lib/x86_64-linux-gnu/libnss_files-2.21.so
7f2dde6d7000-7f2dde6d8000 r--p 0000b000 08:01 660483                     /lib/x86_64-linux-gnu/libnss_files-2.21.so
7f2dde6d8000-7f2dde6d9000 rw-p 0000c000 08:01 660483                     /lib/x86_64-linux-gnu/libnss_files-2.21.so
7f2dde6d9000-7f2dde6e4000 r-xp 00000000 08:01 660493                     /lib/x86_64-linux-gnu/libnss_nis-2.21.so
7f2dde6e4000-7f2dde8e3000 ---p 0000b000 08:01 660493                     /lib/x86_64-linux-gnu/libnss_nis-2.21.so
7f2dde8e3000-7f2dde8e4000 r--p 0000a000 08:01 660493                     /lib/x86_64-linux-gnu/libnss_nis-2.21.so
7f2dde8e4000-7f2dde8e5000 rw-p 0000b000 08:01 660493                     /lib/x86_64-linux-gnu/libnss_nis-2.21.so
7f2dde8e5000-7f2dde8fc000 r-xp 00000000 08:01 660477                     /lib/x86_64-linux-gnu/libnsl-2.21.so
7f2dde8fc000-7f2ddeafb000 ---p 00017000 08:01 660477                     /lib/x86_64-linux-gnu/libnsl-2.21.so
7f2ddeafb000-7f2ddeafc000 r--p 00016000 08:01 660477                     /lib/x86_64-linux-gnu/libnsl-2.21.so
7f2ddeafc000-7f2ddeafd000 rw-p 00017000 08:01 660477                     /lib/x86_64-linux-gnu/libnsl-2.21.so
7f2ddeafd000-7f2ddeaff000 rw-p 00000000 00:00 0 
7f2ddeaff000-7f2ddeb07000 r-xp 00000000 08:01 660479                     /lib/x86_64-linux-gnu/libnss_compat-2.21.so
7f2ddeb07000-7f2dded06000 ---p 00008000 08:01 660479                     /lib/x86_64-linux-gnu/libnss_compat-2.21.so
7f2dded06000-7f2dded07000 r--p 00007000 08:01 660479                     /lib/x86_64-linux-gnu/libnss_compat-2.21.so
7f2dded07000-7f2dded08000 rw-p 00008000 08:01 660479                     /lib/x86_64-linux-gnu/libnss_compat-2.21.so
7f2dded08000-7f2dded35000 r-xp 00000000 08:01 941474                     /usr/lib/jvm/java-7-openjdk-amd64/jre/lib/amd64/libjava.so
7f2dded35000-7f2ddef34000 ---p 0002d000 08:01 941474                     /usr/lib/jvm/java-7-openjdk-amd64/jre/lib/amd64/libjava.so
7f2ddef34000-7f2ddef35000 r--p 0002c000 08:01 941474                     /usr/lib/jvm/java-7-openjdk-amd64/jre/lib/amd64/libjava.so
7f2ddef35000-7f2ddef37000 rw-p 0002d000 08:01 941474                     /usr/lib/jvm/java-7-openjdk-amd64/jre/lib/amd64/libjava.so
7f2ddef37000-7f2ddef46000 r-xp 00000000 08:01 941444                     /usr/lib/jvm/java-7-openjdk-amd64/jre/lib/amd64/libverify.so
7f2ddef46000-7f2ddf145000 ---p 0000f000 08:01 941444                     /usr/lib/jvm/java-7-openjdk-amd64/jre/lib/amd64/libverify.so
7f2ddf145000-7f2ddf148000 r--p 0000e000 08:01 941444                     /usr/lib/jvm/java-7-openjdk-amd64/jre/lib/amd64/libverify.so
7f2ddf148000-7f2ddf149000 rw-p 00011000 08:01 941444                     /usr/lib/jvm/java-7-openjdk-amd64/jre/lib/amd64/libverify.so
7f2ddf149000-7f2ddf150000 r-xp 00000000 08:01 660538                     /lib/x86_64-linux-gnu/librt-2.21.so
7f2ddf150000-7f2ddf34f000 ---p 00007000 08:01 660538                     /lib/x86_64-linux-gnu/librt-2.21.so
7f2ddf34f000-7f2ddf350000 r--p 00006000 08:01 660538                     /lib/x86_64-linux-gnu/librt-2.21.so
7f2ddf350000-7f2ddf351000 rw-p 00007000 08:01 660538                     /lib/x86_64-linux-gnu/librt-2.21.so
7f2ddf351000-7f2ddf367000 r-xp 00000000 08:01 660349                     /lib/x86_64-linux-gnu/libgcc_s.so.1
7f2ddf367000-7f2ddf566000 ---p 00016000 08:01 660349                     /lib/x86_64-linux-gnu/libgcc_s.so.1
7f2ddf566000-7f2ddf567000 rw-p 00015000 08:01 660349                     /lib/x86_64-linux-gnu/libgcc_s.so.1
7f2ddf567000-7f2ddf66e000 r-xp 00000000 08:01 660456                     /lib/x86_64-linux-gnu/libm-2.21.so
7f2ddf66e000-7f2ddf86d000 ---p 00107000 08:01 660456                     /lib/x86_64-linux-gnu/libm-2.21.so
7f2ddf86d000-7f2ddf86e000 r--p 00106000 08:01 660456                     /lib/x86_64-linux-gnu/libm-2.21.so
7f2ddf86e000-7f2ddf86f000 rw-p 00107000 08:01 660456                     /lib/x86_64-linux-gnu/libm-2.21.so
7f2ddf86f000-7f2ddf95f000 r-xp 00000000 08:01 929301                     /usr/lib/x86_64-linux-gnu/libstdc++.so.6.0.20
7f2ddf95f000-7f2ddfb5f000 ---p 000f0000 08:01 929301                     /usr/lib/x86_64-linux-gnu/libstdc++.so.6.0.20
7f2ddfb5f000-7f2ddfb67000 r--p 000f0000 08:01 929301                     /usr/lib/x86_64-linux-gnu/libstdc++.so.6.0.20
7f2ddfb67000-7f2ddfb69000 rw-p 000f8000 08:01 929301                     /usr/lib/x86_64-linux-gnu/libstdc++.so.6.0.20
7f2ddfb69000-7f2ddfb7e000 rw-p 00000000 00:00 0 
7f2ddfb7e000-7f2de06d6000 r-xp 00000000 08:01 941420                     /usr/lib/jvm/java-7-openjdk-amd64/jre/lib/amd64/server/libjvm.so
7f2de06d6000-7f2de08d5000 ---p 00b58000 08:01 941420                     /usr/lib/jvm/java-7-openjdk-amd64/jre/lib/amd64/server/libjvm.so
7f2de08d5000-7f2de0974000 r--p 00b57000 08:01 941420                     /usr/lib/jvm/java-7-openjdk-amd64/jre/lib/amd64/server/libjvm.so
7f2de0974000-7f2de0997000 rw-p 00bf6000 08:01 941420                     /usr/lib/jvm/java-7-openjdk-amd64/jre/lib/amd64/server/libjvm.so
7f2de0997000-7f2de09c4000 rw-p 00000000 00:00 0 
7f2de09c4000-7f2de09dd000 r-xp 00000000 08:01 660571                     /lib/x86_64-linux-gnu/libz.so.1.2.8
7f2de09dd000-7f2de0bdd000 ---p 00019000 08:01 660571                     /lib/x86_64-linux-gnu/libz.so.1.2.8
7f2de0bdd000-7f2de0bde000 r--p 00019000 08:01 660571                     /lib/x86_64-linux-gnu/libz.so.1.2.8
7f2de0bde000-7f2de0bdf000 rw-p 0001a000 08:01 660571                     /lib/x86_64-linux-gnu/libz.so.1.2.8
7f2de0bdf000-7f2de0bf7000 r-xp 00000000 08:01 660530                     /lib/x86_64-linux-gnu/libpthread-2.21.so
7f2de0bf7000-7f2de0df7000 ---p 00018000 08:01 660530                     /lib/x86_64-linux-gnu/libpthread-2.21.so
7f2de0df7000-7f2de0df8000 r--p 00018000 08:01 660530                     /lib/x86_64-linux-gnu/libpthread-2.21.so
7f2de0df8000-7f2de0df9000 rw-p 00019000 08:01 660530                     /lib/x86_64-linux-gnu/libpthread-2.21.so
7f2de0df9000-7f2de0dfd000 rw-p 00000000 00:00 0 
7f2de0dfd000-7f2de0e00000 r-xp 00000000 08:01 660415                     /lib/x86_64-linux-gnu/libdl-2.21.so
7f2de0e00000-7f2de0fff000 ---p 00003000 08:01 660415                     /lib/x86_64-linux-gnu/libdl-2.21.so
7f2de0fff000-7f2de1000000 r--p 00002000 08:01 660415                     /lib/x86_64-linux-gnu/libdl-2.21.so
7f2de1000000-7f2de1001000 rw-p 00003000 08:01 660415                     /lib/x86_64-linux-gnu/libdl-2.21.so
7f2de1001000-7f2de11c1000 r-xp 00000000 08:01 660400                     /lib/x86_64-linux-gnu/libc-2.21.so
7f2de11c1000-7f2de13c1000 ---p 001c0000 08:01 660400                     /lib/x86_64-linux-gnu/libc-2.21.so
7f2de13c1000-7f2de13c5000 r--p 001c0000 08:01 660400                     /lib/x86_64-linux-gnu/libc-2.21.so
7f2de13c5000-7f2de13c7000 rw-p 001c4000 08:01 660400                     /lib/x86_64-linux-gnu/libc-2.21.so
7f2de13c7000-7f2de13cb000 rw-p 00000000 00:00 0 
7f2de13cb000-7f2de13d8000 r-xp 00000000 08:01 941416                     /usr/lib/jvm/java-7-openjdk-amd64/jre/lib/amd64/jli/libjli.so
7f2de13d8000-7f2de15d7000 ---p 0000d000 08:01 941416                     /usr/lib/jvm/java-7-openjdk-amd64/jre/lib/amd64/jli/libjli.so
7f2de15d7000-7f2de15d8000 r--p 0000c000 08:01 941416                     /usr/lib/jvm/java-7-openjdk-amd64/jre/lib/amd64/jli/libjli.so
7f2de15d8000-7f2de15d9000 rw-p 0000d000 08:01 941416                     /usr/lib/jvm/java-7-openjdk-amd64/jre/lib/amd64/jli/libjli.so
7f2de15d9000-7f2de15fd000 r-xp 00000000 08:01 660372                     /lib/x86_64-linux-gnu/ld-2.21.so
7f2de15ff000-7f2de1621000 rw-p 00000000 00:00 0 
7f2de1621000-7f2de16d7000 rw-p 00000000 00:00 0 
7f2de16d7000-7f2de16da000 ---p 00000000 00:00 0 
7f2de16da000-7f2de17dd000 rw-p 00000000 00:00 0                          [stack:3324]
7f2de17de000-7f2de17df000 rw-p 00000000 00:00 0 
7f2de17df000-7f2de17e0000 r--p 00000000 08:01 23239                      /usr/share/locale-langpack/en_GB/LC_MESSAGES/libc.mo
7f2de17e0000-7f2de17e2000 r--s 00006000 08:01 12830                      /usr/share/java/java-atk-wrapper.jar
7f2de17e2000-7f2de17e3000 r--s 00002000 08:01 929631                     /usr/lib/jvm/java-7-openjdk-amd64/jre/lib/ext/dnsns.jar
7f2de17e3000-7f2de17e6000 r--s 0000f000 08:01 929678                     /usr/lib/jvm/java-7-openjdk-amd64/jre/lib/ext/icedtea-sound.jar
7f2de17e6000-7f2de17e8000 r--s 00012000 08:01 929679                     /usr/lib/jvm/java-7-openjdk-amd64/jre/lib/ext/zipfs.jar
7f2de17e8000-7f2de17ec000 r--s 00085000 08:01 929630                     /usr/lib/jvm/java-7-openjdk-amd64/jre/lib/ext/localedata.jar
7f2de17ec000-7f2de17f0000 r--s 0003c000 08:01 929664                     /usr/lib/jvm/java-7-openjdk-amd64/jre/lib/ext/sunpkcs11.jar
7f2de17f0000-7f2de17f8000 rw-s 00000000 08:01 671476                     /tmp/hsperfdata_nick/3320
7f2de17f8000-7f2de17f9000 rw-p 00000000 00:00 0 
7f2de17f9000-7f2de17fa000 ---p 00000000 00:00 0 
7f2de17fa000-7f2de17fc000 rw-p 00000000 00:00 0 
7f2de17fc000-7f2de17fd000 r--p 00023000 08:01 660372                     /lib/x86_64-linux-gnu/ld-2.21.so
7f2de17fd000-7f2de17fe000 rw-p 00024000 08:01 660372                     /lib/x86_64-linux-gnu/ld-2.21.so
7f2de17fe000-7f2de17ff000 rw-p 00000000 00:00 0 
7ffdc3930000-7ffdc3951000 rw-p 00000000 00:00 0                          [stack]
7ffdc39e5000-7ffdc39e7000 r--p 00000000 00:00 0                          [vvar]
7ffdc39e7000-7ffdc39e9000 r-xp 00000000 00:00 0                          [vdso]
ffffffffff600000-ffffffffff601000 r-xp 00000000 00:00 0                  [vsyscall]

VM Arguments:
jvm_args: -Xmx1024M -Dfile.encoding=UTF-8 -Duser.country=GB -Duser.language=en -Duser.variant 
java_command: com.android.dx.command.Main --dex --num-threads=4 --output /home/nick/AndroidStudioProjects/FanTraffic/app/build/intermediates/pre-dexed/debug/classes-9ab46d0f900bbcc6eafc8f6a005d4dc2227c8e1b.jar /home/nick/AndroidStudioProjects/FanTraffic/app/build/intermediates/exploded-aar/com.android.support/support-v4/23.1.0/jars/classes.jar
Launcher Type: SUN_STANDARD

Environment Variables:
PATH=/usr/local/sbin:/usr/local/bin:/usr/sbin:/usr/bin:/sbin:/bin:/usr/games:/usr/local/games
LD_LIBRARY_PATH=/home/nick/Downloads/android-studio/bin:
SHELL=/bin/bash
DISPLAY=:0

Signal Handlers:
SIGSEGV: [libjvm.so+0x98ac50], sa_mask[0]=0x7ffbfeff, sa_flags=0x10000004
SIGBUS: [libjvm.so+0x98ac50], sa_mask[0]=0x7ffbfeff, sa_flags=0x10000004
SIGFPE: [libjvm.so+0x7f8ab0], sa_mask[0]=0x7ffbfeff, sa_flags=0x10000004
SIGPIPE: [libjvm.so+0x7f8ab0], sa_mask[0]=0x7ffbfeff, sa_flags=0x10000004
SIGXFSZ: [libjvm.so+0x7f8ab0], sa_mask[0]=0x7ffbfeff, sa_flags=0x10000004
SIGILL: [libjvm.so+0x7f8ab0], sa_mask[0]=0x7ffbfeff, sa_flags=0x10000004
SIGUSR1: SIG_DFL, sa_mask[0]=0x00000000, sa_flags=0x00000000
SIGUSR2: [libjvm.so+0x7f8930], sa_mask[0]=0x00000004, sa_flags=0x10000004
SIGHUP: [libjvm.so+0x7f8b30], sa_mask[0]=0x7ffbfeff, sa_flags=0x10000004
SIGINT: [libjvm.so+0x7f8b30], sa_mask[0]=0x7ffbfeff, sa_flags=0x10000004
SIGTERM: [libjvm.so+0x7f8b30], sa_mask[0]=0x7ffbfeff, sa_flags=0x10000004
SIGQUIT: [libjvm.so+0x7f8b30], sa_mask[0]=0x7ffbfeff, sa_flags=0x10000004
SIGTRAP: SIG_DFL, sa_mask[0]=0x00000000, sa_flags=0x00000000


---------------  S Y S T E M  ---------------

OS:Ubuntu 15.04 (vivid)
uname:Linux 3.19.0-30-generic #34-Ubuntu SMP Fri Oct 2 22:08:41 UTC 2015 x86_64
libc:glibc 2.21 NPTL 2.21 
rlimit: STACK 8192k, CORE 0k, NPROC 10423, NOFILE 65536, AS infinity
load average:13.20 5.46 2.71

/proc/meminfo:
MemTotal:        2700160 kB
MemFree:           70848 kB
MemAvailable:      43632 kB
Buffers:             168 kB
Cached:            22504 kB
SwapCached:          612 kB
Active:          1904104 kB
Inactive:         505532 kB
Active(anon):    1901172 kB
Inactive(anon):   495648 kB
Active(file):       2932 kB
Inactive(file):     9884 kB
Unevictable:          32 kB
Mlocked:              32 kB
SwapTotal:       1046524 kB
SwapFree:              0 kB
Dirty:                36 kB
Writeback:             0 kB
AnonPages:       2386732 kB
Mapped:             8972 kB
Shmem:              9668 kB
Slab:              86924 kB
SReclaimable:      45372 kB
SUnreclaim:        41552 kB
KernelStack:       11536 kB
PageTables:        44972 kB
NFS_Unstable:          0 kB
Bounce:                0 kB
WritebackTmp:          0 kB
CommitLimit:     2396604 kB
Committed_AS:    7585912 kB
VmallocTotal:   34359738367 kB
VmallocUsed:      170972 kB
VmallocChunk:   34359538540 kB
HardwareCorrupted:     0 kB
AnonHugePages:    886784 kB
CmaTotal:              0 kB
CmaFree:               0 kB
HugePages_Total:       0
HugePages_Free:        0
HugePages_Rsvd:        0
HugePages_Surp:        0
Hugepagesize:       2048 kB
DirectMap4k:      102272 kB
DirectMap2M:     2666496 kB
DirectMap1G:           0 kB


CPU:total 2 (1 cores per cpu, 1 threads per core) family 6 model 60 stepping 3, cmov, cx8, fxsr, mmx, sse, sse2, sse3, ssse3, sse4.1, sse4.2, popcnt, avx, aes, erms, tsc, tscinvbit

/proc/cpuinfo:
processor	: 0
vendor_id	: GenuineIntel
cpu family	: 6
model		: 60
model name	: Intel(R) Core(TM) i7-4712HQ CPU @ 2.30GHz
stepping	: 3
microcode	: 0x1a
cpu MHz		: 2294.696
cache size	: 6144 KB
physical id	: 0
siblings	: 1
core id		: 0
cpu cores	: 1
apicid		: 0
initial apicid	: 0
fpu		: yes
fpu_exception	: yes
cpuid level	: 13
wp		: yes
flags		: fpu vme de pse tsc msr pae mce cx8 apic sep mtrr pge mca cmov pat pse36 clflush dts mmx fxsr sse sse2 ss syscall nx pdpe1gb rdtscp lm constant_tsc arch_perfmon pebs bts nopl xtopology tsc_reliable nonstop_tsc aperfmperf eagerfpu pni pclmulqdq vmx ssse3 fma cx16 pcid sse4_1 sse4_2 x2apic movbe popcnt aes xsave avx f16c rdrand hypervisor lahf_lm ida arat epb pln pts dtherm tpr_shadow vnmi ept vpid fsgsbase smep xsaveopt
bugs		:
bogomips	: 4589.39
clflush size	: 64
cache_alignment	: 64
address sizes	: 40 bits physical, 48 bits virtual
power management:

processor	: 1
vendor_id	: GenuineIntel
cpu family	: 6
model		: 60
model name	: Intel(R) Core(TM) i7-4712HQ CPU @ 2.30GHz
stepping	: 3
microcode	: 0x1a
cpu MHz		: 2294.696
cache size	: 6144 KB
physical id	: 2
siblings	: 1
core id		: 0
cpu cores	: 1
apicid		: 2
initial apicid	: 2
fpu		: yes
fpu_exception	: yes
cpuid level	: 13
wp		: yes
flags		: fpu vme de pse tsc msr pae mce cx8 apic sep mtrr pge mca cmov pat pse36 clflush dts mmx fxsr sse sse2 ss syscall nx pdpe1gb rdtscp lm constant_tsc arch_perfmon pebs bts nopl xtopology tsc_reliable nonstop_tsc aperfmperf eagerfpu pni pclmulqdq vmx ssse3 fma cx16 pcid sse4_1 sse4_2 x2apic movbe popcnt aes xsave avx f16c rdrand hypervisor lahf_lm ida arat epb pln pts dtherm tpr_shadow vnmi ept vpid fsgsbase smep xsaveopt
bugs		:
bogomips	: 4589.39
clflush size	: 64
cache_alignment	: 64
address sizes	: 40 bits physical, 48 bits virtual
power management:



Memory: 4k page, physical 2700160k(70848k free), swap 1046524k(0k free)

vm_info: OpenJDK 64-Bit Server VM (24.79-b02) for linux-amd64 JRE (1.7.0_79-b14), built on Jul 24 2015 05:24:39 by "buildd" with gcc 4.9.2

time: Fri Oct 16 01:57:58 2015
elapsed time: 29 seconds

